<?xml version="1.0" encoding="UTF-8"?>
<!-- Generated by org.testng.reporters.JUnitXMLReporter -->
<testsuite ignored="0" hostname="Swatis-MacBook-Air.local" failures="0" tests="4" name="Default test" time="9.616" errors="0" timestamp="2024-07-27T10:13:28 IST">
  <testcase classname="PetStore.PetStore.TestPetStoreUsingSpecBuilder" name="createNewUser" time="3.566"/>
  <testcase classname="PetStore.PetStore.TestPetStoreUsingSpecBuilder" name="getUserDetails" time="1.88"/>
  <testcase classname="PetStore.PetStore.TestPetStoreUsingSpecBuilder" name="updateUser" time="1.623"/>
  <testcase classname="PetStore.PetStore.TestPetStoreUsingSpecBuilder" name="deleteUser" time="1.631"/>
</testsuite> <!-- Default test -->
