<?xml version="1.0" encoding="UTF-8"?>
<testng-results ignored="0" total="4" passed="4" failed="0" skipped="0">
  <reporter-output>
  </reporter-output>
  <suite started-at="2024-07-27T10:13:18 IST" name="Default suite" finished-at="2024-07-27T10:13:27 IST" duration-ms="9616">
    <groups>
    </groups>
    <test started-at="2024-07-27T10:13:18 IST" name="Default test" finished-at="2024-07-27T10:13:27 IST" duration-ms="9616">
      <class name="PetStore.PetStore.TestPetStoreUsingSpecBuilder">
        <test-method is-config="true" signature="setup()[pri:0, instance:PetStore.PetStore.TestPetStoreUsingSpecBuilder@67c33749]" started-at="2024-07-27T10:13:18 IST" name="setup" finished-at="2024-07-27T10:13:19 IST" duration-ms="845" status="PASS">
          <reporter-output>
          </reporter-output>
        </test-method> <!-- setup -->
        <test-method signature="createNewUser()[pri:1, instance:PetStore.PetStore.TestPetStoreUsingSpecBuilder@67c33749]" started-at="2024-07-27T10:13:19 IST" name="createNewUser" finished-at="2024-07-27T10:13:22 IST" duration-ms="3566" status="PASS">
          <reporter-output>
          </reporter-output>
        </test-method> <!-- createNewUser -->
        <test-method signature="getUserDetails()[pri:2, instance:PetStore.PetStore.TestPetStoreUsingSpecBuilder@67c33749]" started-at="2024-07-27T10:13:22 IST" name="getUserDetails" finished-at="2024-07-27T10:13:24 IST" duration-ms="1880" status="PASS">
          <reporter-output>
          </reporter-output>
        </test-method> <!-- getUserDetails -->
        <test-method signature="updateUser()[pri:3, instance:PetStore.PetStore.TestPetStoreUsingSpecBuilder@67c33749]" started-at="2024-07-27T10:13:24 IST" name="updateUser" finished-at="2024-07-27T10:13:26 IST" duration-ms="1623" status="PASS">
          <reporter-output>
          </reporter-output>
        </test-method> <!-- updateUser -->
        <test-method signature="deleteUser()[pri:4, instance:PetStore.PetStore.TestPetStoreUsingSpecBuilder@67c33749]" started-at="2024-07-27T10:13:26 IST" name="deleteUser" finished-at="2024-07-27T10:13:27 IST" duration-ms="1631" status="PASS">
          <reporter-output>
          </reporter-output>
        </test-method> <!-- deleteUser -->
      </class> <!-- PetStore.PetStore.TestPetStoreUsingSpecBuilder -->
    </test> <!-- Default test -->
  </suite> <!-- Default suite -->
</testng-results>
