<?xml version="1.0" encoding="UTF-8"?>
<testng-results ignored="0" total="4" passed="4" failed="0" skipped="0">
  <reporter-output>
  </reporter-output>
  <suite started-at="2024-07-27T10:29:12 IST" name="Default suite" finished-at="2024-07-27T10:29:22 IST" duration-ms="10047">
    <groups>
    </groups>
    <test started-at="2024-07-27T10:29:12 IST" name="Default test" finished-at="2024-07-27T10:29:22 IST" duration-ms="10047">
      <class name="PetStore.PetStore.PetSotreUsingObjectMapper">
        <test-method signature="createNewUser()[pri:1, instance:PetStore.PetStore.PetSotreUsingObjectMapper@44be0077]" started-at="2024-07-27T10:29:12 IST" name="createNewUser" finished-at="2024-07-27T10:29:16 IST" duration-ms="3904" status="PASS">
          <reporter-output>
          </reporter-output>
        </test-method> <!-- createNewUser -->
        <test-method signature="getUserDetails()[pri:2, instance:PetStore.PetStore.PetSotreUsingObjectMapper@44be0077]" started-at="2024-07-27T10:29:16 IST" name="getUserDetails" finished-at="2024-07-27T10:29:19 IST" duration-ms="2741" status="PASS">
          <reporter-output>
          </reporter-output>
        </test-method> <!-- getUserDetails -->
        <test-method signature="updateUser()[pri:3, instance:PetStore.PetStore.PetSotreUsingObjectMapper@44be0077]" started-at="2024-07-27T10:29:19 IST" name="updateUser" finished-at="2024-07-27T10:29:21 IST" duration-ms="1694" status="PASS">
          <reporter-output>
          </reporter-output>
        </test-method> <!-- updateUser -->
        <test-method signature="deleteUser()[pri:4, instance:PetStore.PetStore.PetSotreUsingObjectMapper@44be0077]" started-at="2024-07-27T10:29:21 IST" name="deleteUser" finished-at="2024-07-27T10:29:22 IST" duration-ms="1633" status="PASS">
          <reporter-output>
          </reporter-output>
        </test-method> <!-- deleteUser -->
      </class> <!-- PetStore.PetStore.PetSotreUsingObjectMapper -->
    </test> <!-- Default test -->
  </suite> <!-- Default suite -->
</testng-results>
